Using pre-set license
Built from '2020.3/staging' branch; Version is '2020.3.25f1 (9b9180224418) revision 10195328'; Using compiler version '192528614'; Build Type 'Release'
OS: 'Windows 10  (10.0.19045) 64bit Core' Language: 'ko' Physical Memory: 16334 MB
BatchMode: 1, IsHumanControllingUs: 0, StartBugReporterOnCrash: 0, Is64bit: 1, IsPro: 0

COMMAND LINE ARGUMENTS:
C:\Program Files\Unity 2020.3.25f1\Editor\Unity.exe
-adb2
-batchMode
-noUpm
-name
AssetImportWorker0
-projectPath
C:/Users/aaaa5/Unity/Ailen Hunting
-logFile
Logs/AssetImportWorker0.log
-srvPort
8127
Successfully changed project path to: C:/Users/aaaa5/Unity/Ailen Hunting
C:/Users/aaaa5/Unity/Ailen Hunting
Using Asset Import Pipeline V2.
Refreshing native plugins compatible for Editor in 55.74 ms, found 3 plugins.
Preloading 0 native plugins for Editor in 0.00 ms.
Initialize engine version: 2020.3.25f1 (9b9180224418)
[Subsystems] Discovering subsystems at path C:/Program Files/Unity 2020.3.25f1/Editor/Data/Resources/UnitySubsystems
[Subsystems] Discovering subsystems at path C:/Users/aaaa5/Unity/Ailen Hunting/Assets
GfxDevice: creating device client; threaded=0
Direct3D:
    Version:  Direct3D 11.0 [level 11.1]
    Renderer: AMD Radeon RX 6700 XT (ID=0x73df)
    Vendor:   
    VRAM:     12243 MB
    Driver:   31.0.14057.5006
Initialize mono
Mono path[0] = 'C:/Program Files/Unity 2020.3.25f1/Editor/Data/Managed'
Mono path[1] = 'C:/Program Files/Unity 2020.3.25f1/Editor/Data/MonoBleedingEdge/lib/mono/unityjit'
Mono config path = 'C:/Program Files/Unity 2020.3.25f1/Editor/Data/MonoBleedingEdge/etc'
Using monoOptions --debugger-agent=transport=dt_socket,embedding=1,server=y,suspend=n,address=127.0.0.1:56376
Begin MonoManager ReloadAssembly
Registering precompiled unity dll's ...
Register platform support module: C:/Program Files/Unity 2020.3.25f1/Editor/Data/PlaybackEngines/WindowsStandaloneSupport/UnityEditor.WindowsStandalone.Extensions.dll
Registered in 0.002416 seconds.
Native extension for WindowsStandalone target not found
Refreshing native plugins compatible for Editor in 52.03 ms, found 3 plugins.
Preloading 0 native plugins for Editor in 0.00 ms.
Mono: successfully reloaded assembly
- Completed reload, in  0.634 seconds
Domain Reload Profiling:
	ReloadAssembly (634ms)
		BeginReloadAssembly (58ms)
			ExecutionOrderSort (0ms)
			DisableScriptedObjects (0ms)
			BackupInstance (0ms)
			ReleaseScriptingObjects (0ms)
			CreateAndSetChildDomain (1ms)
		EndReloadAssembly (493ms)
			LoadAssemblies (56ms)
			RebuildTransferFunctionScriptingTraits (0ms)
			SetupTypeCache (161ms)
			ReleaseScriptCaches (0ms)
			RebuildScriptCaches (30ms)
			SetupLoadedEditorAssemblies (195ms)
				LogAssemblyErrors (0ms)
				InitializePlatformSupportModulesInManaged (5ms)
				SetLoadedEditorAssemblies (0ms)
				RefreshPlugins (52ms)
				BeforeProcessingInitializeOnLoad (9ms)
				ProcessInitializeOnLoadAttributes (98ms)
				ProcessInitializeOnLoadMethodAttributes (31ms)
				AfterProcessingInitializeOnLoad (0ms)
				EditorAssembliesLoaded (0ms)
			ExecutionOrderSort2 (0ms)
			AwakeInstancesAfterBackupRestoration (0ms)
Platform modules already initialized, skipping
Registering precompiled user dll's ...
Registered in 0.005873 seconds.
Begin MonoManager ReloadAssembly
Native extension for WindowsStandalone target not found
Refreshing native plugins compatible for Editor in 49.60 ms, found 3 plugins.
Preloading 0 native plugins for Editor in 0.00 ms.
Mono: successfully reloaded assembly
- Completed reload, in  1.228 seconds
Domain Reload Profiling:
	ReloadAssembly (1229ms)
		BeginReloadAssembly (161ms)
			ExecutionOrderSort (0ms)
			DisableScriptedObjects (5ms)
			BackupInstance (0ms)
			ReleaseScriptingObjects (0ms)
			CreateAndSetChildDomain (18ms)
		EndReloadAssembly (984ms)
			LoadAssemblies (106ms)
			RebuildTransferFunctionScriptingTraits (0ms)
			SetupTypeCache (330ms)
			ReleaseScriptCaches (1ms)
			RebuildScriptCaches (49ms)
			SetupLoadedEditorAssemblies (371ms)
				LogAssemblyErrors (0ms)
				InitializePlatformSupportModulesInManaged (4ms)
				SetLoadedEditorAssemblies (0ms)
				RefreshPlugins (50ms)
				BeforeProcessingInitializeOnLoad (76ms)
				ProcessInitializeOnLoadAttributes (214ms)
				ProcessInitializeOnLoadMethodAttributes (18ms)
				AfterProcessingInitializeOnLoad (8ms)
				EditorAssembliesLoaded (0ms)
			ExecutionOrderSort2 (0ms)
			AwakeInstancesAfterBackupRestoration (7ms)
Platform modules already initialized, skipping
========================================================================
Worker process is ready to serve import requests
Launched and connected shader compiler UnityShaderCompiler.exe after 0.05 seconds
Refreshing native plugins compatible for Editor in 0.77 ms, found 3 plugins.
Preloading 0 native plugins for Editor in 0.00 ms.
Unloading 2296 Unused Serialized files (Serialized files now loaded: 0)
System memory in use before: 98.8 MB.
System memory in use after: 99.0 MB.

Unloading 41 unused Assets to reduce memory usage. Loaded Objects now: 2716.
Total: 3.538500 ms (FindLiveObjects: 0.219700 ms CreateObjectMapping: 0.059300 ms MarkObjects: 3.181500 ms  DeleteObjects: 0.076600 ms)

AssetImportParameters requested are different than current active one (requested -> active):
  custom:framework-win-MediaFoundation: 216162199b28c13a410421893ffa2e32 -> 
  custom:video-decoder-ogg-theora: a1e56fd34408186e4bbccfd4996cb3dc -> 
  custom:container-muxer-webm: aa71ff27fc2769a1b78a27578f13a17b -> 
  custom:container-demuxer-webm: 4f35f7cbe854078d1ac9338744f61a02 -> 
  custom:container-demuxer-ogg: 62fdf1f143b41e24485cea50d1cbac27 -> 
  custom:video-encoder-webm-vp8: eb34c28f22e8b96e1ab97ce403110664 -> 
  custom:video-decoder-webm-vp8: 9c59270c3fd7afecdb556c50c9e8de78 -> 
  custom:audio-decoder-ogg-vorbis: bf7c407c2cedff20999df2af8eb42d56 -> 
  custom:audio-encoder-webm-vorbis: bf7c407c2cedff20999df2af8eb42d56 -> 
========================================================================
Received Import Request.
  path: Assets
  artifactKey: Guid(00000000000000001000000000000000) Importer(815301076,1909f56bfc062723c751e8b465ee728b)
Start importing Assets using Guid(00000000000000001000000000000000) Importer(815301076,1909f56bfc062723c751e8b465ee728b)  -> (artifact id: '42d402b061de3733987d63b9cc3b64de') in 0.011463 seconds 
  Import took 0.015061 seconds .

========================================================================
Received Import Request.
  Time since last request: 2.836547 seconds.
  path: Assets/Scripts
  artifactKey: Guid(21866002f0b352c4a99b1d927d2ffe5e) Importer(815301076,1909f56bfc062723c751e8b465ee728b)
Start importing Assets/Scripts using Guid(21866002f0b352c4a99b1d927d2ffe5e) Importer(815301076,1909f56bfc062723c751e8b465ee728b)  -> (artifact id: 'f8e4d2afce5e22ae62301e969677e2e8') in 0.009389 seconds 
  Import took 0.012678 seconds .

========================================================================
Received Import Request.
  Time since last request: 5.525912 seconds.
  path: Assets/Arts
  artifactKey: Guid(b7da68afba7fdcd4dbec077ca1ac4dfa) Importer(815301076,1909f56bfc062723c751e8b465ee728b)
Start importing Assets/Arts using Guid(b7da68afba7fdcd4dbec077ca1ac4dfa) Importer(815301076,1909f56bfc062723c751e8b465ee728b)  -> (artifact id: 'e14b5e63a46bd382b727052a50ff39a9') in 0.008512 seconds 
  Import took 0.012061 seconds .

========================================================================
Received Import Request.
  Time since last request: 14.319707 seconds.
  path: Assets/Arts/UI
  artifactKey: Guid(b124fa4cbfc0a3a429a6d0ec36a4f60a) Importer(815301076,1909f56bfc062723c751e8b465ee728b)
Start importing Assets/Arts/UI using Guid(b124fa4cbfc0a3a429a6d0ec36a4f60a) Importer(815301076,1909f56bfc062723c751e8b465ee728b)  -> (artifact id: 'b67bbcea852be9d039bb4502788eb5d3') in 0.008901 seconds 
  Import took 0.012183 seconds .

========================================================================
Received Import Request.
  Time since last request: 5.744493 seconds.
  path: Assets/Arts/Character
  artifactKey: Guid(f9b963894738a494d955914ac678c8cc) Importer(815301076,1909f56bfc062723c751e8b465ee728b)
Start importing Assets/Arts/Character using Guid(f9b963894738a494d955914ac678c8cc) Importer(815301076,1909f56bfc062723c751e8b465ee728b)  -> (artifact id: '124ea9cc6eeeecfd96babd8d6662717b') in 0.009015 seconds 
  Import took 0.012279 seconds .

========================================================================
Received Import Request.
  Time since last request: 8.442757 seconds.
  path: Assets/Arts/Monster
  artifactKey: Guid(844b61732d1b10344aaafa28e0144ea1) Importer(815301076,1909f56bfc062723c751e8b465ee728b)
Start importing Assets/Arts/Monster using Guid(844b61732d1b10344aaafa28e0144ea1) Importer(815301076,1909f56bfc062723c751e8b465ee728b)  -> (artifact id: '72b1bd5a39a4964a35d5ac98b6ba31b8') in 0.008250 seconds 
  Import took 0.011558 seconds .

========================================================================
Received Import Request.
  Time since last request: 4.382483 seconds.
  path: Assets/Arts/Boss
  artifactKey: Guid(6ea9dae5e8ec78948b9fa30b3f0cb4e8) Importer(815301076,1909f56bfc062723c751e8b465ee728b)
Start importing Assets/Arts/Boss using Guid(6ea9dae5e8ec78948b9fa30b3f0cb4e8) Importer(815301076,1909f56bfc062723c751e8b465ee728b)  -> (artifact id: '597d2b398417a04612881083bb7da199') in 0.010528 seconds 
  Import took 0.013815 seconds .

AssetImportWorkerClient::OnTransportError - code=2 error=End of file
